This is pdfTeX, Version 3.141592653-2.6-1.40.23 (MiKTeX 21.8) (preloaded format=pdflatex 2022.4.8)  21 APR 2022 12:38
entering extended mode
**c:/Users/Haako/dev/source/rapport2/rapport2/ny/main.tex
(c:/Users/Haako/dev/source/rapport2/rapport2/ny/main.tex
LaTeX2e <2021-11-15> patch level 1
L3 programming layer <2022-02-24> (C:\Program Files\MiKTeX\tex/latex/koma-script\scrartcl.cls
Document Class: scrartcl 2021/06/25 v3.34 KOMA-Script document class (article)
(C:\Program Files\MiKTeX\tex/latex/koma-script\scrkbase.sty
Package: scrkbase 2021/06/25 v3.34 KOMA-Script package (KOMA-Script-dependent basics and keyval usage)
 (C:\Program Files\MiKTeX\tex/latex/koma-script\scrbase.sty
Package: scrbase 2021/06/25 v3.34 KOMA-Script package (KOMA-Script-independent basics and keyval usage)
 (C:\Program Files\MiKTeX\tex/latex/koma-script\scrlfile.sty
Package: scrlfile 2021/06/25 v3.34 KOMA-Script package (file load hooks)
 (C:\Program Files\MiKTeX\tex/latex/koma-script\scrlfile-hook.sty
Package: scrlfile-hook 2021/06/25 v3.34 KOMA-Script package (using LaTeX hooks)
 (C:\Program Files\MiKTeX\tex/latex/koma-script\scrlogo.sty
Package: scrlogo 2021/06/25 v3.34 KOMA-Script package (logo)
))) (C:\Users\Haako\AppData\Local\Programs\MiKTeX\tex/latex/graphics\keyval.sty
Package: keyval 2014/10/28 v1.15 key=value parser (DPC)
\KV@toks@=\toks16
)
Applying: [2021/05/01] Usage of raw or classic option list on input line 252.
Already applied: [0000/00/00] Usage of raw or classic option list on input line 368.


LaTeX hooks Warning: Generic hook 'file/after/polyglossia.sty' is deprecated.
(hooks)              Use hook 'file/polyglossia.sty/after' instead.

)) (C:\Program Files\MiKTeX\tex/latex/koma-script\tocbasic.sty
Package: tocbasic 2021/06/25 v3.34 KOMA-Script package (handling toc-files)


LaTeX hooks Warning: Generic hook 'file/after/multitoc.sty' is deprecated.
(hooks)              Use hook 'file/multitoc.sty/after' instead.

\scr@dte@tocline@numberwidth=\skip47
\scr@dte@tocline@numbox=\box50
)
Package tocbasic Info: babel extension for `toc' omitted
(tocbasic)             because of missing \bbl@set@language on input line 135.


LaTeX hooks Warning: Generic hook 'file/before/tex4ht.sty' is deprecated.
(hooks)              Use hook 'file/tex4ht.sty/before' instead.


LaTeX hooks Warning: Generic hook 'package/after/hyperref' is deprecated.
(hooks)              Use hook 'package/hyperref/after' instead.

Package scrartcl Info: You've used standard option `10pt'.
(scrartcl)             This is correct!
(scrartcl)             Internally I'm using `fontsize=10pt'.
(scrartcl)             If you'd like to set the option with \KOMAoptions,
(scrartcl)             you'd have to use `fontsize=10pt' there
(scrartcl)             instead of `10pt', too.
Class scrartcl Info: You've used standard option `oneside'.
(scrartcl)           This is correct!
(scrartcl)           Internally I'm using `twoside=false'.
(scrartcl)           If you'd like to set the option with \KOMAoptions,
(scrartcl)           you'd have to use `twoside=false' there
(scrartcl)           instead of `oneside', too.
Class scrartcl Info: File `scrsize10pt.clo' used to setup font sizes on input line 2241.
(C:\Program Files\MiKTeX\tex/latex/koma-script\scrsize10pt.clo
File: scrsize10pt.clo 2021/06/25 v3.34 KOMA-Script font size class option (10pt)
) (C:\Program Files\MiKTeX\tex/latex/koma-script\typearea.sty
Package: typearea 2021/06/25 v3.34 KOMA-Script package (type area)
\ta@bcor=\skip48
\ta@div=\count185
Package typearea Info: You've used standard option `a4paper'.
(typearea)             This is correct!
(typearea)             Internally I'm using `paper=a4'.
(typearea)             If you'd like to set the option with \KOMAoptions,
(typearea)             you'd have to use `paper=a4' there
(typearea)             instead of `a4paper', too.
Package typearea Info: You've used standard option `oneside'.
(typearea)             This is correct!
(typearea)             Internally I'm using `twoside=false'.
(typearea)             If you'd like to set the option with \KOMAoptions,
(typearea)             you'd have to use `twoside=false' there
(typearea)             instead of `oneside', too.


Package typearea Warning: You've used obsolete option `BCOR5mm'.
(typearea)                Usage of this option indicates an old document
(typearea)                and changes compatibility level using
(typearea)                `BCOR=5mm,version=first,
(typearea)                enabledeprecatedfontcommands' that may result
(typearea)                in further warnings.
(typearea)                If you don't want this, you should simply
(typearea)                replace option `BCOR5mm' by `BCOR=5mm'.

Package typearea Info: Switching compatibility level to `first'.
\ta@hblk=\skip49
\ta@vblk=\skip50
\ta@temp=\skip51
\footheight=\skip52
Package typearea Info: These are the values describing the layout:
(typearea)             DIV  = 8
(typearea)             BCOR = 14.22636pt
(typearea)             \paperwidth      = 597.50793pt
(typearea)              \textwidth      = 364.55101pt
(typearea)              DIV departure   = -1%
(typearea)              \evensidemargin = 51.32166pt
(typearea)              \oddsidemargin  = 51.32166pt
(typearea)             \paperheight     = 845.04694pt
(typearea)              \textheight     = 454.0pt
(typearea)              \topmargin      = 33.36087pt
(typearea)              \headheight     = 15.0pt
(typearea)              \headsep        = 18.0pt
(typearea)              \topskip        = 10.0pt
(typearea)              \footskip       = 42.0pt
(typearea)              \baselineskip   = 12.0pt
(typearea)              on input line 1742.
)

LaTeX hooks Warning: Generic hook 'file/after/everysel.sty' is deprecated.
(hooks)              Use hook 'file/everysel.sty/after' instead.


LaTeX hooks Warning: Generic hook 'file/after/tracefnt.sty' is deprecated.
(hooks)              Use hook 'file/tracefnt.sty/after' instead.


LaTeX hooks Warning: Generic hook 'file/after/amsthm.sty' is deprecated.
(hooks)              Use hook 'file/amsthm.sty/after' instead.


LaTeX hooks Warning: Generic hook 'file/before/hyperref.sty' is deprecated.
(hooks)              Use hook 'file/hyperref.sty/before' instead.

\c@part=\count186
\c@section=\count187
\c@subsection=\count188
\c@subsubsection=\count189
\c@paragraph=\count190
\c@subparagraph=\count191
\scr@dte@section@maxnumwidth=\skip53
Class scrartcl Info: using compatibility default `runin=bysign'
(scrartcl)           for `\section on input line 4851.
Class scrartcl Info: using compatibility default `afterindent=bysign'
(scrartcl)           for `\section on input line 4851.

LaTeX hooks Warning: Generic hook 'file/after/hyperref.sty' is deprecated.
(hooks)              Use hook 'file/hyperref.sty/after' instead.

\scr@dte@part@maxnumwidth=\skip54
Class scrartcl Info: using compatibility default `afterindent=false'
(scrartcl)           for `\part on input line 4859.
\scr@dte@subsection@maxnumwidth=\skip55
Class scrartcl Info: using compatibility default `runin=bysign'
(scrartcl)           for `\subsection on input line 4869.
Class scrartcl Info: using compatibility default `afterindent=bysign'
(scrartcl)           for `\subsection on input line 4869.
\scr@dte@subsubsection@maxnumwidth=\skip56
Class scrartcl Info: using compatibility default `runin=bysign'
(scrartcl)           for `\subsubsection on input line 4879.
Class scrartcl Info: using compatibility default `afterindent=bysign'
(scrartcl)           for `\subsubsection on input line 4879.
\scr@dte@paragraph@maxnumwidth=\skip57
Class scrartcl Info: using compatibility default `runin=bysign'
(scrartcl)           for `\paragraph on input line 4890.
Class scrartcl Info: using compatibility default `afterindent=bysign'
(scrartcl)           for `\paragraph on input line 4890.
\scr@dte@subparagraph@maxnumwidth=\skip58
Class scrartcl Info: using compatibility default `runin=bysign'
(scrartcl)           for `\subparagraph on input line 4900.
Class scrartcl Info: using compatibility default `afterindent=bysign'
(scrartcl)           for `\subparagraph on input line 4900.

LaTeX hooks Warning: Generic hook 'file/before/emptypage.sty' is deprecated.
(hooks)              Use hook 'file/emptypage.sty/before' instead.


LaTeX hooks Warning: Generic hook 'file/before/fancyhdr.sty' is deprecated.
(hooks)              Use hook 'file/fancyhdr.sty/before' instead.


LaTeX hooks Warning: Generic hook 'file/before/minitoc.sty' is deprecated.
(hooks)              Use hook 'file/minitoc.sty/before' instead.


LaTeX hooks Warning: Generic hook 'file/before/multitoc.sty' is deprecated.
(hooks)              Use hook 'file/multitoc.sty/before' instead.


LaTeX hooks Warning: Generic hook 'file/before/parskip.sty' is deprecated.
(hooks)              Use hook 'file/parskip.sty/before' instead.


LaTeX hooks Warning: Generic hook 'file/before/titleps.sty' is deprecated.
(hooks)              Use hook 'file/titleps.sty/before' instead.


LaTeX hooks Warning: Generic hook 'file/after/sectsty.sty' is deprecated.
(hooks)              Use hook 'file/sectsty.sty/after' instead.


LaTeX hooks Warning: Generic hook 'file/before/tocbibind.sty' is deprecated.
(hooks)              Use hook 'file/tocbibind.sty/before' instead.


LaTeX hooks Warning: Generic hook 'file/before/tocloft.sty' is deprecated.
(hooks)              Use hook 'file/tocloft.sty/before' instead.


LaTeX hooks Warning: Generic hook 'file/after/minitoc.sty' is deprecated.
(hooks)              Use hook 'file/minitoc.sty/after' instead.


LaTeX hooks Warning: Generic hook 'file/after/titlesec.sty' is deprecated.
(hooks)              Use hook 'file/titlesec.sty/after' instead.

\abovecaptionskip=\skip59
\belowcaptionskip=\skip60
\c@pti@nb@sid@b@x=\box51

LaTeX hooks Warning: Generic hook 'file/after/longtable.sty' is deprecated.
(hooks)              Use hook 'file/longtable.sty/after' instead.


LaTeX hooks Warning: Generic hook 'file/before/capt-of.sty' is deprecated.
(hooks)              Use hook 'file/capt-of.sty/before' instead.

Package tocbasic Info: babel extension for `lof' omitted
(tocbasic)             because of missing \bbl@set@language on input line 6075.
\scr@dte@figure@maxnumwidth=\skip61
\c@figure=\count192
Package tocbasic Info: babel extension for `lot' omitted
(tocbasic)             because of missing \bbl@set@language on input line 6087.
\scr@dte@table@maxnumwidth=\skip62
\c@table=\count193

LaTeX hooks Warning: Generic hook 'file/before/footmisc.sty' is deprecated.
(hooks)              Use hook 'file/footmisc.sty/before' instead.


LaTeX hooks Warning: Generic hook 'file/before/setspace.sty' is deprecated.
(hooks)              Use hook 'file/setspace.sty/before' instead.


LaTeX hooks Warning: Generic hook 'file/after/setspace.sty' is deprecated.
(hooks)              Use hook 'file/setspace.sty/after' instead.

Class scrartcl Info: Redefining `\numberline' on input line 6251.
\bibindent=\dimen138
) (C:\Program Files\MiKTeX\tex/latex/geometry\geometry.sty
Package: geometry 2020/01/02 v5.9 Page Geometry
 (C:\Users\Haako\AppData\Local\Programs\MiKTeX\tex/generic/iftex\ifvtex.sty
Package: ifvtex 2019/10/25 v1.7 ifvtex legacy package. Use iftex instead.
 (C:\Users\Haako\AppData\Local\Programs\MiKTeX\tex/generic/iftex\iftex.sty
Package: iftex 2022/02/03 v1.0f TeX engine tests
))
\Gm@cnth=\count194
\Gm@cntv=\count195
\c@Gm@tempcnt=\count196
\Gm@bindingoffset=\dimen139
\Gm@wd@mp=\dimen140
\Gm@odd@mp=\dimen141
\Gm@even@mp=\dimen142
\Gm@layoutwidth=\dimen143
\Gm@layoutheight=\dimen144
\Gm@layouthoffset=\dimen145
\Gm@layoutvoffset=\dimen146
\Gm@dimlist=\toks17
 (C:\Program Files\MiKTeX\tex/latex/geometry\geometry.cfg)) (C:\Users\Haako\AppData\Local\Programs\MiKTeX\tex/latex/blindtext\blindtext.sty
Package: blindtext 2012/01/06 V2.0 blindtext-Package
 (C:\Users\Haako\AppData\Local\Programs\MiKTeX\tex/latex/tools\xspace.sty
Package: xspace 2014/10/28 v1.13 Space after command names (DPC,MH)
)
\c@blindtext=\count197
\c@Blindtext=\count198
\c@blind@countparstart=\count199
\blind@countxx=\count266
\blindtext@numBlindtext=\count267
\blind@countyy=\count268
\c@blindlist=\count269
\c@blindlistlevel=\count270
\c@blindlist@level=\count271
\blind@listitem=\count272
\c@blind@listcount=\count273
\c@blind@levelcount=\count274
\blind@mathformula=\count275
\blind@Mathformula=\count276
\c@blind@randomcount=\count277
\c@blind@randommax=\count278
\c@blind@pangramcount=\count279
\c@blind@pangrammax=\count280
) (C:\Users\Haako\AppData\Local\Programs\MiKTeX\tex/latex/base\inputenc.sty
Package: inputenc 2021/02/14 v1.3d Input encoding file
\inpenc@prehook=\toks18
\inpenc@posthook=\toks19
) (C:\Users\Haako\AppData\Local\Programs\MiKTeX\tex/generic/babel\babel.sty
Package: babel 2022/02/26 3.73 The Babel package
\babel@savecnt=\count281
\U@D=\dimen147
\l@unhyphenated=\language84
 (C:\Users\Haako\AppData\Local\Programs\MiKTeX\tex/generic/babel\txtbabel.def)
\bbl@readstream=\read2
\bbl@dirlevel=\count282

*************************************
* Local config file bblopts.cfg used
*
(C:\Users\Haako\AppData\Local\Programs\MiKTeX\tex/latex/arabi\bblopts.cfg
File: bblopts.cfg 2005/09/08 v0.1 add Arabic and Farsi to "declared" options of babel
) (C:\Program Files\MiKTeX\tex/latex/babel-norsk\norsk.ldf
Language: norsk 2012/08/06 v2.0i Norsk support from the babel system
Package babel Info: Making " an active character on input line 113.
)) (C:\Program Files\MiKTeX\tex/latex/csquotes\csquotes.sty
Package: csquotes 2021-02-22 v5.2l context-sensitive quotations (JAW)
 (C:\Users\Haako\AppData\Local\Programs\MiKTeX\tex/latex/etoolbox\etoolbox.sty
Package: etoolbox 2020/10/05 v2.5k e-TeX tools for LaTeX (JAW)
\etb@tempcnta=\count283
)
\csq@reset=\count284
\csq@gtype=\count285
\csq@glevel=\count286
\csq@qlevel=\count287
\csq@maxlvl=\count288
\csq@tshold=\count289
\csq@ltx@everypar=\toks20
 (C:\Program Files\MiKTeX\tex/latex/csquotes\csquotes.def
File: csquotes.def 2021-02-22 v5.2l csquotes generic definitions (JAW)
)
Package csquotes Info: Trying to load configuration file 'csquotes.cfg'...
Package csquotes Info: ... configuration file loaded successfully.
 (C:\Program Files\MiKTeX\tex/latex/csquotes\csquotes.cfg
File: csquotes.cfg 
)) (C:\Users\Haako\AppData\Local\Programs\MiKTeX\tex/latex/biblatex\biblatex.sty
Package: biblatex 2022/02/02 v3.17 programmable bibliographies (PK/MW)
 (C:\Users\Haako\AppData\Local\Programs\MiKTeX\tex/generic/pdftexcmds\pdftexcmds.sty
Package: pdftexcmds 2020-06-27 v0.33 Utility functions of pdfTeX for LuaTeX (HO)
 (C:\Program Files\MiKTeX\tex/generic/infwarerr\infwarerr.sty
Package: infwarerr 2019/12/03 v1.5 Providing info/warning/error messages (HO)
) (C:\Program Files\MiKTeX\tex/generic/ltxcmds\ltxcmds.sty
Package: ltxcmds 2020-05-10 v1.25 LaTeX kernel commands for general use (HO)
)
Package pdftexcmds Info: \pdf@primitive is available.
Package pdftexcmds Info: \pdf@ifprimitive is available.
Package pdftexcmds Info: \pdfdraftmode found.
) (C:\Program Files\MiKTeX\tex/latex/kvoptions\kvoptions.sty
Package: kvoptions 2020-10-07 v3.14 Key value format for package options (HO)
 (C:\Program Files\MiKTeX\tex/generic/kvsetkeys\kvsetkeys.sty
Package: kvsetkeys 2019/12/15 v1.18 Key value parser (HO)
)) (C:\Program Files\MiKTeX\tex/latex/logreq\logreq.sty
Package: logreq 2010/08/04 v1.0 xml request logger
\lrq@indent=\count290
 (C:\Program Files\MiKTeX\tex/latex/logreq\logreq.def
File: logreq.def 2010/08/04 v1.0 logreq spec v1.0
)) (C:\Users\Haako\AppData\Local\Programs\MiKTeX\tex/latex/base\ifthen.sty
Package: ifthen 2020/11/24 v1.1c Standard LaTeX ifthen package (DPC)
) (C:\Users\Haako\AppData\Local\Programs\MiKTeX\tex/latex/url\url.sty
\Urlmuskip=\muskip16
Package: url 2013/09/16  ver 3.4  Verb mode for urls, etc.
)
\c@tabx@nest=\count291
\c@listtotal=\count292
\c@listcount=\count293
\c@liststart=\count294
\c@liststop=\count295
\c@citecount=\count296
\c@citetotal=\count297
\c@multicitecount=\count298
\c@multicitetotal=\count299
\c@instcount=\count300
\c@maxnames=\count301
\c@minnames=\count302
\c@maxitems=\count303
\c@minitems=\count304
\c@citecounter=\count305
\c@maxcitecounter=\count306
\c@savedcitecounter=\count307
\c@uniquelist=\count308
\c@uniquename=\count309
\c@refsection=\count310
\c@refsegment=\count311
\c@maxextratitle=\count312
\c@maxextratitleyear=\count313
\c@maxextraname=\count314
\c@maxextradate=\count315
\c@maxextraalpha=\count316
\c@abbrvpenalty=\count317
\c@highnamepenalty=\count318
\c@lownamepenalty=\count319
\c@maxparens=\count320
\c@parenlevel=\count321
\blx@tempcnta=\count322
\blx@tempcntb=\count323
\blx@tempcntc=\count324
\c@blx@maxsection=\count325
\c@blx@maxsegment@0=\count326
\blx@notetype=\count327
\blx@parenlevel@text=\count328
\blx@parenlevel@foot=\count329
\c@blx@sectionciteorder@0=\count330
\blx@entrysetcounter=\count331
\blx@biblioinstance=\count332
\labelnumberwidth=\skip63
\labelalphawidth=\skip64
\biblabelsep=\skip65
\bibitemsep=\skip66
\bibnamesep=\skip67
\bibinitsep=\skip68
\bibparsep=\skip69
\bibhang=\skip70
\blx@bcfin=\read3
\blx@bcfout=\write3
\blx@langwohyphens=\language85
\c@mincomprange=\count333
\c@maxcomprange=\count334
\c@mincompwidth=\count335
Package biblatex Info: Trying to load biblatex default data model...
Package biblatex Info: ... file 'blx-dm.def' found.
 (C:\Users\Haako\AppData\Local\Programs\MiKTeX\tex/latex/biblatex\blx-dm.def
File: blx-dm.def 2022/02/02 v3.17 biblatex localization (PK/MW)
)
Package biblatex Info: Trying to load biblatex style data model...
Package biblatex Info: ... file 'authoryear-ibid.dbx' not found.
Package biblatex Info: Trying to load biblatex custom data model...
Package biblatex Info: ... file 'biblatex-dm.cfg' not found.
\c@afterword=\count336
\c@savedafterword=\count337
\c@annotator=\count338
\c@savedannotator=\count339
\c@author=\count340
\c@savedauthor=\count341
\c@bookauthor=\count342
\c@savedbookauthor=\count343
\c@commentator=\count344
\c@savedcommentator=\count345
\c@editor=\count346
\c@savededitor=\count347
\c@editora=\count348
\c@savededitora=\count349
\c@editorb=\count350
\c@savededitorb=\count351
\c@editorc=\count352
\c@savededitorc=\count353
\c@foreword=\count354
\c@savedforeword=\count355
\c@holder=\count356
\c@savedholder=\count357
\c@introduction=\count358
\c@savedintroduction=\count359
\c@namea=\count360
\c@savednamea=\count361
\c@nameb=\count362
\c@savednameb=\count363
\c@namec=\count364
\c@savednamec=\count365
\c@translator=\count366
\c@savedtranslator=\count367
\c@shortauthor=\count368
\c@savedshortauthor=\count369
\c@shorteditor=\count370
\c@savedshorteditor=\count371
\c@labelname=\count372
\c@savedlabelname=\count373
\c@institution=\count374
\c@savedinstitution=\count375
\c@lista=\count376
\c@savedlista=\count377
\c@listb=\count378
\c@savedlistb=\count379
\c@listc=\count380
\c@savedlistc=\count381
\c@listd=\count382
\c@savedlistd=\count383
\c@liste=\count384
\c@savedliste=\count385
\c@listf=\count386
\c@savedlistf=\count387
\c@location=\count388
\c@savedlocation=\count389
\c@organization=\count390
\c@savedorganization=\count391
\c@origlocation=\count392
\c@savedoriglocation=\count393
\c@origpublisher=\count394
\c@savedorigpublisher=\count395
\c@publisher=\count396
\c@savedpublisher=\count397
\c@language=\count398
\c@savedlanguage=\count399
\c@origlanguage=\count400
\c@savedoriglanguage=\count401
\c@pageref=\count402
\c@savedpageref=\count403
\shorthandwidth=\skip71
\shortjournalwidth=\skip72
\shortserieswidth=\skip73
\shorttitlewidth=\skip74
\shortauthorwidth=\skip75
\shorteditorwidth=\skip76
\locallabelnumberwidth=\skip77
\locallabelalphawidth=\skip78
\localshorthandwidth=\skip79
\localshortjournalwidth=\skip80
\localshortserieswidth=\skip81
\localshorttitlewidth=\skip82
\localshortauthorwidth=\skip83
\localshorteditorwidth=\skip84
Package biblatex Info: Trying to load compatibility code...
Package biblatex Info: ... file 'blx-compat.def' found.
 (C:\Users\Haako\AppData\Local\Programs\MiKTeX\tex/latex/biblatex\blx-compat.def
File: blx-compat.def 2022/02/02 v3.17 biblatex compatibility (PK/MW)
)
Package biblatex Info: Trying to load generic definitions...
Package biblatex Info: ... file 'biblatex.def' found.
 (C:\Users\Haako\AppData\Local\Programs\MiKTeX\tex/latex/biblatex\biblatex.def
File: biblatex.def 2022/02/02 v3.17 biblatex compatibility (PK/MW)
\c@textcitecount=\count404
\c@textcitetotal=\count405
\c@textcitemaxnames=\count406
\c@biburlbigbreakpenalty=\count407
\c@biburlbreakpenalty=\count408
\c@biburlnumpenalty=\count409
\c@biburlucpenalty=\count410
\c@biburllcpenalty=\count411
\biburlbigskip=\muskip17
\biburlnumskip=\muskip18
\biburlucskip=\muskip19
\biburllcskip=\muskip20
\c@smartand=\count412
)
Package biblatex Info: Trying to load bibliography style 'authoryear-ibid'...
Package biblatex Info: ... file 'authoryear-ibid.bbx' found.
 (C:\Users\Haako\AppData\Local\Programs\MiKTeX\tex/latex/biblatex/bbx\authoryear-ibid.bbx
File: authoryear-ibid.bbx 2022/02/02 v3.17 biblatex bibliography style (PK/MW)
Package biblatex Info: Trying to load bibliography style 'authoryear'...
Package biblatex Info: ... file 'authoryear.bbx' found.
 (C:\Users\Haako\AppData\Local\Programs\MiKTeX\tex/latex/biblatex/bbx\authoryear.bbx
File: authoryear.bbx 2022/02/02 v3.17 biblatex bibliography style (PK/MW)
Package biblatex Info: Trying to load bibliography style 'standard'...
Package biblatex Info: ... file 'standard.bbx' found.
 (C:\Users\Haako\AppData\Local\Programs\MiKTeX\tex/latex/biblatex/bbx\standard.bbx
File: standard.bbx 2022/02/02 v3.17 biblatex bibliography style (PK/MW)
\c@bbx:relatedcount=\count413
\c@bbx:relatedtotal=\count414
)))
Package biblatex Info: Trying to load citation style 'authoryear-ibid'...
Package biblatex Info: ... file 'authoryear-ibid.cbx' found.
 (C:\Users\Haako\AppData\Local\Programs\MiKTeX\tex/latex/biblatex/cbx\authoryear-ibid.cbx
File: authoryear-ibid.cbx 2022/02/02 v3.17 biblatex citation style (PK/MW)
Package biblatex Info: Redefining '\cite'.
Package biblatex Info: Redefining '\parencite'.
Package biblatex Info: Redefining '\footcite'.
Package biblatex Info: Redefining '\footcitetext'.
Package biblatex Info: Redefining '\smartcite'.
Package biblatex Info: Redefining '\textcite'.
Package biblatex Info: Redefining '\textcites'.
)
Package biblatex Info: Trying to load configuration file...
Package biblatex Info: ... file 'biblatex.cfg' found.
 (C:\Users\Haako\AppData\Local\Programs\MiKTeX\tex/latex/biblatex\biblatex.cfg
File: biblatex.cfg 
)
Package biblatex Info: Input encoding 'utf8' detected.
Package biblatex Info: Document encoding is UTF8 ....
 (C:\Users\Haako\AppData\Local\Programs\MiKTeX\tex/latex/l3kernel\expl3.sty
Package: expl3 2022-02-24 L3 programming layer (loader) 
 (C:\Users\Haako\AppData\Local\Programs\MiKTeX\tex/latex/l3backend\l3backend-pdftex.def
File: l3backend-pdftex.def 2022-02-07 L3 backend support: PDF output (pdfTeX)
\l__color_backend_stack_int=\count415
\l__pdf_internal_box=\box52
))
Package biblatex Info: ... and expl3
(biblatex)             2022-02-24 L3 programming layer (loader) 
(biblatex)             is new enough (at least 2020/04/06),
(biblatex)             setting 'casechanger=expl3'.
 (C:\Users\Haako\AppData\Local\Programs\MiKTeX\tex/latex/biblatex\blx-case-expl3.sty (C:\Users\Haako\AppData\Local\Programs\MiKTeX\tex/latex/l3packages/xparse\xparse.sty
Package: xparse 2022-01-12 L3 Experimental document command parser
)
Package: blx-case-expl3 2022/02/02 v3.17 expl3 case changing code for biblatex
)) (structure.tex (C:\Program Files\MiKTeX\tex/latex/classicthesis\classicthesis.sty
Package: classicthesis 2018/06/03 v4.6 Typographic style for a classic-looking thesis


Package classicthesis Warning: Chapter sectioning command not present in this document class. Deactivating options floatperchapter, linedheaders, manychapters, listsseparated, eulerchapternumbers.

(C:\Users\Haako\AppData\Local\Programs\MiKTeX\tex/generic/iftex\ifpdf.sty
Package: ifpdf 2019/10/25 v3.4 ifpdf legacy package. Use iftex instead.
) (C:\Users\Haako\AppData\Local\Programs\MiKTeX\tex/generic/iftex\ifxetex.sty
Package: ifxetex 2019/10/25 v0.7 ifxetex legacy package. Use iftex instead.
) (C:\Users\Haako\AppData\Local\Programs\MiKTeX\tex/generic/iftex\ifluatex.sty
Package: ifluatex 2019/10/25 v1.5 ifluatex legacy package. Use iftex instead.
) (C:\Users\Haako\AppData\Local\Programs\MiKTeX\tex/latex/xcolor\xcolor.sty
Package: xcolor 2021/10/31 v2.13 LaTeX color extensions (UK)
 (C:\Users\Haako\AppData\Local\Programs\MiKTeX\tex/latex/graphics-cfg\color.cfg
File: color.cfg 2016/01/02 v1.6 sample color configuration
)
Package xcolor Info: Driver file: pdftex.def on input line 227.
 (C:\Users\Haako\AppData\Local\Programs\MiKTeX\tex/latex/graphics-def\pdftex.def
File: pdftex.def 2020/10/05 v1.2a Graphics/color driver for pdftex
)
Package xcolor Info: Model `cmy' substituted by `cmy0' on input line 1352.
Package xcolor Info: Model `hsb' substituted by `rgb' on input line 1356.
Package xcolor Info: Model `RGB' extended on input line 1368.
Package xcolor Info: Model `HTML' substituted by `rgb' on input line 1370.
Package xcolor Info: Model `Hsb' substituted by `hsb' on input line 1371.
Package xcolor Info: Model `tHsb' substituted by `hsb' on input line 1372.
Package xcolor Info: Model `HSB' substituted by `hsb' on input line 1373.
Package xcolor Info: Model `Gray' substituted by `gray' on input line 1374.
Package xcolor Info: Model `wave' substituted by `hsb' on input line 1375.
 (C:\Users\Haako\AppData\Local\Programs\MiKTeX\tex/latex/graphics\dvipsnam.def
File: dvipsnam.def 2016/06/17 v3.0m Driver-dependent file (DPC,SPQR)
)) (C:\Program Files\MiKTeX\tex/latex/psnfss\mathpazo.sty
Package: mathpazo 2020/03/25 PSNFSS-v9.3 Palatino w/ Pazo Math (D.Puga, WaS) 
\symupright=\mathgroup4
) (C:\Program Files\MiKTeX\tex/latex/bera\beramono.sty
Package: beramono 2004/01/31 (WaS)
) (C:\Program Files\MiKTeX\tex/latex/eulervm\eulervm.sty
Package: eulervm 2005/01/11 v4.0 (WaS)
)
LaTeX Font Info:    Trying to load font information for T1+pplj on input line 202.
 (C:\Program Files\MiKTeX\tex/latex/psnfss\t1pplj.fd
File: t1pplj.fd 2004/09/06 font definitions for T1/pplj.
) (C:\Program Files\MiKTeX\tex/latex/microtype\microtype.sty
Package: microtype 2021/03/14 v2.8c Micro-typographical refinements (RS)
\MT@toks=\toks21
\MT@count=\count416


LaTeX hooks Warning: Generic hook 'package/after/fontspec' is deprecated.
(hooks)              Use hook 'package/fontspec/after' instead.

LaTeX Info: Redefining \textls on input line 790.
\MT@outer@kern=\dimen148
LaTeX Info: Redefining \textmicrotypecontext on input line 1374.
\MT@listname@count=\count417
(C:\Program Files\MiKTeX\tex/latex/microtype\microtype-pdftex.def
File: microtype-pdftex.def 2021/03/14 v2.8c Definitions specific to pdftex (RS)
LaTeX Info: Redefining \lsstyle on input line 915.
LaTeX Info: Redefining \lslig on input line 915.
\MT@outer@space=\skip85
)
Package microtype Info: Loading configuration file microtype.cfg.
 (C:\Program Files\MiKTeX\tex/latex/microtype\microtype.cfg
File: microtype.cfg 2021/03/14 v2.8c microtype main configuration file (RS)
))
Package classicthesis Info: A4 paper, Palatino or other on input line 251.
Package typearea Info: These are the values describing the layout:
(typearea)             DIV  = areaset
(typearea)             BCOR = 14.22636pt
(typearea)             \paperwidth      = 597.50787pt
(typearea)              \textwidth      = 336.0pt
(typearea)              \evensidemargin = 65.59712pt
(typearea)              \oddsidemargin  = 65.59712pt
(typearea)             \paperheight     = 845.04684pt
(typearea)              \textheight     = 675.0pt
(typearea)              \topmargin      = -40.5877pt
(typearea)              \headheight     = 15.0pt
(typearea)              \headsep        = 18.0pt
(typearea)              \topskip        = 10.0pt
(typearea)              \footskip       = 42.0pt
(typearea)              \baselineskip   = 12.0pt
(typearea)              on input line 251.
 (C:\Program Files\MiKTeX\tex/latex/mparhack\mparhack.sty
Package: mparhack 2021-05-02 v1.5 (T. Sgouros and S. Ulrich)
) (C:\Program Files\MiKTeX\tex/latex/booktabs\booktabs.sty
Package: booktabs 2020/01/12 v1.61803398 Publication quality tables
\heavyrulewidth=\dimen149
\lightrulewidth=\dimen150
\cmidrulewidth=\dimen151
\belowrulesep=\dimen152
\belowbottomsep=\dimen153
\aboverulesep=\dimen154
\abovetopsep=\dimen155
\cmidrulesep=\dimen156
\cmidrulekern=\dimen157
\defaultaddspace=\dimen158
\@cmidla=\count418
\@cmidlb=\count419
\@aboverulesep=\dimen159
\@belowrulesep=\dimen160
\@thisruleclass=\count420
\@lastruleclass=\count421
\@thisrulewidth=\dimen161
) (C:\Program Files\MiKTeX\tex/latex/textcase\textcase.sty
Package: textcase 2019/09/14 v1.00 Text only upper/lower case changing (DPC)
)
Package classicthesis Info: Using microtype for character spacing.Make sure your pdflatex is version 1.40 or higher. on input line 321.
 (C:\Program Files\MiKTeX\tex/latex/koma-script\scrlayer-scrpage.sty
Package: scrlayer-scrpage 2021/06/25 v3.34 KOMA-Script package (end user interface for scrlayer)
 (C:\Program Files\MiKTeX\tex/latex/koma-script\scrlayer.sty
Package: scrlayer 2021/06/25 v3.34 KOMA-Script package (defining layers and page styles)
Package scrlayer Info: Using already defined \footheight
(scrlayer)             hoping, that this is a length and
(scrlayer)             not only a macro on input line 136.


LaTeX hooks Warning: Generic hook 'file/before/tagpdf.sty' is deprecated.
(hooks)              Use hook 'file/tagpdf.sty/before' instead.


LaTeX hooks Warning: Generic hook 'file/after/tagpdf.sty' is deprecated.
(hooks)              Use hook 'file/tagpdf.sty/after' instead.

Package scrlayer Info: patching LaTeX kernel macro \pagestyle on input line 2162.
)
Package scrlayer-scrpage Info: Makeing stand-alone element `pagehead' from
(scrlayer-scrpage)             alias to `pageheadfoot' on input line 1085.
Package scrlayer-scrpage Info: deactivating warning for font element
(scrlayer-scrpage)             `pagefoot' on input line 1109.
)
Package scrlayer-scrpage Info: auto-selection of `pagestyleset=KOMA-Script'.

1: subsection
1: section
1: section
1: subsection
(C:\Program Files\MiKTeX\tex/latex/titlesec\titlesec.sty
Package: titlesec 2021/07/05 v2.14 Sectioning titles
\ttl@box=\box53
\beforetitleunit=\skip86
\aftertitleunit=\skip87
\ttl@plus=\dimen162
\ttl@minus=\dimen163
\ttl@toksa=\toks22
\titlewidth=\dimen164
\titlewidthlast=\dimen165
\titlewidthfirst=\dimen166


Package titlesec Warning: Non standard sectioning command \section
(titlesec)                detected. Using default spacing and no format.


Package titlesec Warning: Non standard sectioning command \subsection
(titlesec)                detected. Using default spacing and no format.


Package titlesec Warning: Non standard sectioning command \subsubsection
(titlesec)                detected. Using default spacing and no format.


Package titlesec Warning: Non standard sectioning command \paragraph
(titlesec)                detected. Using default spacing and no format.


Package titlesec Warning: Non standard sectioning command \subparagraph
(titlesec)                detected. Using default spacing and no format.

)
Class scrartcl Info: Unknown `titesec' release.
(scrartcl)           Cross your fingers, that is compatible on input line 362.


Class scrartcl Warning: Usage of package `tocloft' together
(scrartcl)              with a KOMA-Script class is not recommended.
(scrartcl)              I'd suggest to use options like `listof=entryprefix',
(scrartcl)              commands like `\listoflofentryname' or
(scrartcl)              `\listoflotentryname', and `\DeclareTOCStyleEntry' or
(scrartcl)              `\RedeclareSectionCommand' instead of this package,
(scrartcl)              because it breaks several KOMA-Script features of
(scrartcl)              the list of figures, list of tables and table of
(scrartcl)              contents, i.e., options like `listof=numbered',
(scrartcl)              `listof=flat or `toc=flat', commands like
(scrartcl)              `\BeforeTOCHead{...}' and `\AfterTOCHead{...}',
(scrartcl)              `\BeforeStartingTOC{...}' and \AfterStartingTOC{...}',
(scrartcl)              all features of `\DeclareTOCStyleEntry',
(scrartcl)              and the ToC entry features of `\DeclareSecionCommand'
(scrartcl)              and `\RedeclareSectionCommand' of levels
(scrartcl)              `part', `chapter', `section', `subsection',
(scrartcl)              `subsubsection', `paragraph' and `subparagraph'.
(scrartcl)              Nevertheless, using requested
(scrartcl)              package `tocloft' on input line 416.

(C:\Program Files\MiKTeX\tex/latex/tocloft\tocloft.sty
Package: tocloft 2017/08/31 v2.3i parameterised ToC, etc., typesetting
Package tocloft Info: The document has section divisions on input line 51.
\cftparskip=\skip88
\cftbeforetoctitleskip=\skip89
\cftaftertoctitleskip=\skip90
\cftbeforepartskip=\skip91
\cftpartnumwidth=\skip92
\cftpartindent=\skip93
\cftbeforesecskip=\skip94
\cftsecindent=\skip95
\cftsecnumwidth=\skip96
\cftbeforesubsecskip=\skip97
\cftsubsecindent=\skip98
\cftsubsecnumwidth=\skip99
\cftbeforesubsubsecskip=\skip100
\cftsubsubsecindent=\skip101
\cftsubsubsecnumwidth=\skip102
\cftbeforeparaskip=\skip103
\cftparaindent=\skip104
\cftparanumwidth=\skip105
\cftbeforesubparaskip=\skip106
\cftsubparaindent=\skip107
\cftsubparanumwidth=\skip108
\cftbeforeloftitleskip=\skip109
\cftafterloftitleskip=\skip110
\cftbeforefigskip=\skip111
\cftfigindent=\skip112
\cftfignumwidth=\skip113
\c@lofdepth=\count422
\c@lotdepth=\count423
\cftbeforelottitleskip=\skip114
\cftafterlottitleskip=\skip115
\cftbeforetabskip=\skip116
\cfttabindent=\skip117
\cfttabnumwidth=\skip118
)
\newnumberwidth=\skip119
\beforebibskip=\skip120
\newchnumberwidth=\skip121
\figurelabelwidth=\skip122
\tablelabelwidth=\skip123
 Using KOMA-command "deffootnote" for footnote setup (C:\Program Files\MiKTeX\tex/latex/koma-script\scrtime.sty
Package: scrtime 2021/06/25 v3.34 KOMA-Script package (time of LaTeX run)
) (C:\Program Files\MiKTeX\tex/latex/caption\caption.sty
Package: caption 2020/10/26 v3.5g Customizing captions (AR)
 (C:\Program Files\MiKTeX\tex/latex/caption\caption3.sty
Package: caption3 2020/10/21 v2.2e caption3 kernel (AR)
\captionmargin=\dimen167
\captionmargin@=\dimen168
\captionwidth=\dimen169
\caption@tempdima=\dimen170
\caption@indent=\dimen171
\caption@parindent=\dimen172
\caption@hangindent=\dimen173
Package caption Info: KOMA-Script document class detected.
 (C:\Program Files\MiKTeX\tex/latex/caption\caption-koma.sto
File: caption-koma.sto 2020/09/21 v2.0b Adaption of the caption package to the KOMA-Script document classes (AR)
))
\c@caption@flags=\count424
\c@continuedfloat=\count425
) (C:\Program Files\MiKTeX\tex/latex/carlisle\remreset.sty

Package remreset Warning: The remreset package is obsolete:
(remreset)                \@removefromreset is defined.

) (C:\Users\Haako\AppData\Local\Programs\MiKTeX\tex/latex/hyperref\hyperref.sty
Package: hyperref 2022-02-21 v7.00n Hypertext links for LaTeX
 (C:\Program Files\MiKTeX\tex/generic/kvdefinekeys\kvdefinekeys.sty
Package: kvdefinekeys 2019-12-19 v1.6 Define keys (HO)
) (C:\Program Files\MiKTeX\tex/generic/pdfescape\pdfescape.sty
Package: pdfescape 2019/12/09 v1.15 Implements pdfTeX's escape features (HO)
) (C:\Program Files\MiKTeX\tex/latex/hycolor\hycolor.sty
Package: hycolor 2020-01-27 v1.10 Color options for hyperref/bookmark (HO)
) (C:\Program Files\MiKTeX\tex/latex/letltxmacro\letltxmacro.sty
Package: letltxmacro 2019/12/03 v1.6 Let assignment for LaTeX macros (HO)
) (C:\Program Files\MiKTeX\tex/latex/auxhook\auxhook.sty
Package: auxhook 2019-12-17 v1.6 Hooks for auxiliary files (HO)
)
\@linkdim=\dimen174
\Hy@linkcounter=\count426
\Hy@pagecounter=\count427
 (C:\Users\Haako\AppData\Local\Programs\MiKTeX\tex/latex/hyperref\pd1enc.def
File: pd1enc.def 2022-02-21 v7.00n Hyperref: PDFDocEncoding definition (HO)
Now handling font encoding PD1 ...
... no UTF-8 mapping file for font encoding PD1
) (C:\Program Files\MiKTeX\tex/generic/intcalc\intcalc.sty
Package: intcalc 2019/12/15 v1.3 Expandable calculations with integers (HO)
) (C:\Program Files\MiKTeX\tex/generic/etexcmds\etexcmds.sty
Package: etexcmds 2019/12/15 v1.7 Avoid name clashes with e-TeX commands (HO)
)
\Hy@SavedSpaceFactor=\count428
 (C:\Users\Haako\AppData\Local\Programs\MiKTeX\tex/latex/hyperref\puenc.def
File: puenc.def 2022-02-21 v7.00n Hyperref: PDF Unicode definition (HO)
Now handling font encoding PU ...
... no UTF-8 mapping file for font encoding PU
)
Package hyperref Info: Option `hyperfootnotes' set `false' on input line 4018.
Package hyperref Info: Hyper figures OFF on input line 4137.
Package hyperref Info: Link nesting OFF on input line 4142.
Package hyperref Info: Hyper index ON on input line 4145.
Package hyperref Info: Plain pages OFF on input line 4152.
Package hyperref Info: Backreferencing OFF on input line 4157.
Package hyperref Info: Implicit mode ON; LaTeX internals redefined.
Package hyperref Info: Bookmarks ON on input line 4390.
\c@Hy@tempcnt=\count429
LaTeX Info: Redefining \url on input line 4749.
\XeTeXLinkMargin=\dimen175
 (C:\Program Files\MiKTeX\tex/generic/bitset\bitset.sty
Package: bitset 2019/12/09 v1.3 Handle bit-vector datatype (HO)
 (C:\Program Files\MiKTeX\tex/generic/bigintcalc\bigintcalc.sty
Package: bigintcalc 2019/12/15 v1.5 Expandable calculations on big integers (HO)
))
\Fld@menulength=\count430
\Field@Width=\dimen176
\Fld@charsize=\dimen177
Package hyperref Info: Hyper figures OFF on input line 6027.
Package hyperref Info: Link nesting OFF on input line 6032.
Package hyperref Info: Hyper index ON on input line 6035.
Package hyperref Info: backreferencing OFF on input line 6042.
Package hyperref Info: Link coloring OFF on input line 6047.
Package hyperref Info: Link coloring with OCG OFF on input line 6052.
Package hyperref Info: PDF/A mode OFF on input line 6057.
LaTeX Info: Redefining \ref on input line 6097.
LaTeX Info: Redefining \pageref on input line 6101.
 (C:\Users\Haako\AppData\Local\Programs\MiKTeX\tex/latex/base\atbegshi-ltx.sty
Package: atbegshi-ltx 2021/01/10 v1.0c Emulation of the original atbegshi
package with kernel methods
)
\Hy@abspage=\count431
\c@Item=\count432
)
Package hyperref Info: Driver (autodetected): hpdftex.
 (C:\Users\Haako\AppData\Local\Programs\MiKTeX\tex/latex/hyperref\hpdftex.def
File: hpdftex.def 2022-02-21 v7.00n Hyperref driver for pdfTeX
 (C:\Users\Haako\AppData\Local\Programs\MiKTeX\tex/latex/base\atveryend-ltx.sty
Package: atveryend-ltx 2020/08/19 v1.0a Emulation of the original atveryend package
with kernel methods
)
\Fld@listcount=\count433
\c@bookmark@seq@number=\count434
 (C:\Program Files\MiKTeX\tex/latex/rerunfilecheck\rerunfilecheck.sty
Package: rerunfilecheck 2019/12/05 v1.9 Rerun checks for auxiliary files (HO)
 (C:\Program Files\MiKTeX\tex/generic/uniquecounter\uniquecounter.sty
Package: uniquecounter 2019/12/15 v1.4 Provide unlimited unique counter (HO)
)
Package uniquecounter Info: New unique counter `rerunfilecheck' on input line 286.
)
\Hy@SectionHShift=\skip124
)
Package hyperref Info: Option `colorlinks' set `true' on input line 679.
Package hyperref Info: Option `linktocpage' set `true' on input line 679.
Package hyperref Info: Option `breaklinks' set `true' on input line 679.
) (C:\Program Files\MiKTeX\tex/latex/arsclassica\arsclassica.sty
Package: arsclassica 2017/10/31
Package typearea Info: These are the values describing the layout:
(typearea)             DIV  = areaset
(typearea)             BCOR = 14.22636pt
(typearea)             \paperwidth      = 597.50787pt
(typearea)              \textwidth      = 370.0pt
(typearea)              \evensidemargin = 48.5971pt
(typearea)              \oddsidemargin  = 48.5971pt
(typearea)             \paperheight     = 845.04684pt
(typearea)              \textheight     = 709.0pt
(typearea)              \topmargin      = -51.92105pt
(typearea)              \headheight     = 15.0pt
(typearea)              \headsep        = 18.0pt
(typearea)              \topskip        = 10.0pt
(typearea)              \footskip       = 42.0pt
(typearea)              \baselineskip   = 12.0pt
(typearea)              on input line 17.
LaTeX Info: Redefining \spacedallcaps on input line 48.
LaTeX Info: Redefining \spacedlowsmallcaps on input line 50.


Package scrlayer-scrpage Warning: replacing deprecated \clearscrplain by
(scrlayer-scrpage)                \clearplainofpairofpagestyles on input line 151.

Package hyperref Info: Option `colorlinks' set `true' on input line 184.
Package hyperref Info: Option `linktocpage' set `true' on input line 184.
Package hyperref Info: Option `breaklinks' set `true' on input line 184.
Package hyperref Info: Option `pageanchor' set `true' on input line 184.
Package hyperref Info: Option `plainpages' set `false' on input line 184.
Package hyperref Info: Option `bookmarksnumbered' set `true' on input line 184.
Package hyperref Info: Option `bookmarksopen' set `true' on input line 184.
Package hyperref Info: Option `hypertexnames' set `true' on input line 184.

Package hyperref Warning: Option `hyperfootnotes' has already been used,
(hyperref)                setting the option has no effect on input line 184.


Package hyperref Warning: Option `pdfpagelabels' has already been used,
(hyperref)                setting the option has no effect on input line 184.

) (C:\Users\Haako\AppData\Local\Programs\MiKTeX\tex/latex/base\fontenc.sty
Package: fontenc 2021/04/29 v2.0v Standard LaTeX package
) (C:\Users\Haako\AppData\Local\Programs\MiKTeX\tex/latex/graphics\graphicx.sty
Package: graphicx 2021/09/16 v1.2d Enhanced LaTeX Graphics (DPC,SPQR)
 (C:\Users\Haako\AppData\Local\Programs\MiKTeX\tex/latex/graphics\graphics.sty
Package: graphics 2021/03/04 v1.4d Standard LaTeX Graphics (DPC,SPQR)
 (C:\Users\Haako\AppData\Local\Programs\MiKTeX\tex/latex/graphics\trig.sty
Package: trig 2021/08/11 v1.11 sin cos tan (DPC)
) (C:\Users\Haako\AppData\Local\Programs\MiKTeX\tex/latex/graphics-cfg\graphics.cfg
File: graphics.cfg 2016/06/04 v1.11 sample graphics configuration
)
Package graphics Info: Driver file: pdftex.def on input line 107.
)
\Gin@req@height=\dimen178
\Gin@req@width=\dimen179
) (C:\Program Files\MiKTeX\tex/latex/enumitem\enumitem.sty
Package: enumitem 2019/06/20 v3.9 Customized lists
\labelindent=\skip125
\enit@outerparindent=\dimen180
\enit@toks=\toks23
\enit@inbox=\box54
\enit@count@id=\count435
\enitdp@description=\count436
) (C:\Program Files\MiKTeX\tex/latex/lipsum\lipsum.sty (C:\Users\Haako\AppData\Local\Programs\MiKTeX\tex/latex/l3packages/l3keys2e\l3keys2e.sty
Package: l3keys2e 2022-01-12 LaTeX2e option processing using LaTeX3 keys
)
Package: lipsum 2021-08-01 v2.5 150 paragraphs of Lorem Ipsum dummy text
\g__lipsum_par_int=\count437
\l__lipsum_a_int=\count438
\l__lipsum_b_int=\count439
 (C:\Program Files\MiKTeX\tex/latex/lipsum\lipsum.ltd.tex)) (C:\Program Files\MiKTeX\tex/latex/subfig\subfig.sty
Package: subfig 2005/06/28 ver: 1.3 subfig package
\c@KVtest=\count440
\sf@farskip=\skip126
\sf@captopadj=\dimen181
\sf@capskip=\skip127
\sf@nearskip=\skip128
\c@subfigure=\count441
\c@subfigure@save=\count442
\c@subtable=\count443
\c@subtable@save=\count444
\sf@top=\skip129
\sf@bottom=\skip130
) (C:\Users\Haako\AppData\Local\Programs\MiKTeX\tex/latex/amsmath\amsmath.sty
Package: amsmath 2021/10/15 v2.17l AMS math features
\@mathmargin=\skip131

For additional information on amsmath, use the `?' option.
(C:\Users\Haako\AppData\Local\Programs\MiKTeX\tex/latex/amsmath\amstext.sty
Package: amstext 2021/08/26 v2.01 AMS text
 (C:\Users\Haako\AppData\Local\Programs\MiKTeX\tex/latex/amsmath\amsgen.sty
File: amsgen.sty 1999/11/30 v2.0 generic functions
\@emptytoks=\toks24
\ex@=\dimen182
)) (C:\Users\Haako\AppData\Local\Programs\MiKTeX\tex/latex/amsmath\amsbsy.sty
Package: amsbsy 1999/11/29 v1.2d Bold Symbols
\pmbraise@=\dimen183
) (C:\Users\Haako\AppData\Local\Programs\MiKTeX\tex/latex/amsmath\amsopn.sty
Package: amsopn 2021/08/26 v2.02 operator names
)
\inf@bad=\count445
LaTeX Info: Redefining \frac on input line 234.
\uproot@=\count446
\leftroot@=\count447
LaTeX Info: Redefining \overline on input line 399.
\classnum@=\count448
\DOTSCASE@=\count449
LaTeX Info: Redefining \ldots on input line 496.
LaTeX Info: Redefining \dots on input line 499.
LaTeX Info: Redefining \cdots on input line 620.
\Mathstrutbox@=\box55
\strutbox@=\box56
\big@size=\dimen184
LaTeX Font Info:    Redeclaring font encoding OML on input line 743.
LaTeX Font Info:    Redeclaring font encoding OMS on input line 744.
\macc@depth=\count450
\c@MaxMatrixCols=\count451
\dotsspace@=\muskip21
\c@parentequation=\count452
\dspbrk@lvl=\count453
\tag@help=\toks25
\row@=\count454
\column@=\count455
\maxfields@=\count456
\andhelp@=\toks26
\eqnshift@=\dimen185
\alignsep@=\dimen186
\tagshift@=\dimen187
\tagwidth@=\dimen188
\totwidth@=\dimen189
\lineht@=\dimen190
\@envbody=\toks27
\multlinegap=\skip132
\multlinetaggap=\skip133
\mathdisplay@stack=\toks28
LaTeX Info: Redefining \[ on input line 2938.
LaTeX Info: Redefining \] on input line 2939.
) (C:\Users\Haako\AppData\Local\Programs\MiKTeX\tex/latex/amsfonts\amssymb.sty
Package: amssymb 2013/01/14 v3.01 AMS font symbols
 (C:\Users\Haako\AppData\Local\Programs\MiKTeX\tex/latex/amsfonts\amsfonts.sty
Package: amsfonts 2013/01/14 v3.01 Basic AMSFonts support
\symAMSa=\mathgroup5
\symAMSb=\mathgroup6
LaTeX Font Info:    Redeclaring math symbol \hbar on input line 98.
LaTeX Font Info:    Overwriting math alphabet `\mathfrak' in version `bold'
(Font)                  U/euf/m/n --> U/euf/b/n on input line 106.
)) (C:\Program Files\MiKTeX\tex/latex/amscls\amsthm.sty
Package: amsthm 2020/05/29 v2.20.6
\thm@style=\toks29
\thm@bodyfont=\toks30
\thm@headfont=\toks31
\thm@notefont=\toks32
\thm@headpunct=\toks33
\thm@preskip=\skip134
\thm@postskip=\skip135
\thm@headsep=\skip136
\dth@everypar=\toks34
) (C:\Program Files\MiKTeX\tex/latex/xpatch\xpatch.sty
Package: xpatch 2020/03/25 v0.3a Extending etoolbox patching commands
)
Class scrartcl Info: amsthm's \deferred@thm@head patched.
 (C:\Users\Haako\AppData\Local\Programs\MiKTeX\tex/latex/tools\varioref.sty
Package: varioref 2021/07/07 v1.6f package for extended references (FMi)
\c@vrcnt=\count457
)
\c@definition=\count458
\c@theorem=\count459
Package hyperref Info: Option `colorlinks' set `true' on input line 74.
Package hyperref Info: Option `breaklinks' set `true' on input line 74.


Package hyperref Warning: Option `bookmarks' has already been used,
(hyperref)                setting the option has no effect on input line 74.

Package hyperref Info: Option `bookmarksnumbered' set `true' on input line 74.
)
Package csquotes Info: Checking for multilingual support...
Package csquotes Info: ... found 'babel' package.
Package csquotes Info: Adjusting default style.
Package csquotes Info: Redefining alias 'default' -> 'norsk'.
 (main.aux (forord.aux) (fortkortelser.aux) (innledning.aux) (valgAvLosning.aux))
\openout1 = `main.aux'.

LaTeX Font Info:    Checking defaults for OML/cmm/m/it on input line 62.
LaTeX Font Info:    ... okay on input line 62.
LaTeX Font Info:    Checking defaults for OMS/cmsy/m/n on input line 62.
LaTeX Font Info:    ... okay on input line 62.
LaTeX Font Info:    Checking defaults for OT1/cmr/m/n on input line 62.
LaTeX Font Info:    ... okay on input line 62.
LaTeX Font Info:    Checking defaults for T1/cmr/m/n on input line 62.
LaTeX Font Info:    ... okay on input line 62.
LaTeX Font Info:    Checking defaults for TS1/cmr/m/n on input line 62.
LaTeX Font Info:    ... okay on input line 62.
LaTeX Font Info:    Checking defaults for OMX/cmex/m/n on input line 62.
LaTeX Font Info:    ... okay on input line 62.
LaTeX Font Info:    Checking defaults for U/cmr/m/n on input line 62.
LaTeX Font Info:    ... okay on input line 62.
LaTeX Font Info:    Checking defaults for PD1/pdf/m/n on input line 62.
LaTeX Font Info:    ... okay on input line 62.
LaTeX Font Info:    Checking defaults for PU/pdf/m/n on input line 62.
LaTeX Font Info:    ... okay on input line 62.

*geometry* driver: auto-detecting
*geometry* detected driver: pdftex
*geometry* verbose mode - [ preamble ] result:
* driver: pdftex
* paper: a4paper
* layout: <same size as paper>
* layoutoffset:(h,v)=(0.0pt,0.0pt)
* modes: 
* h-part:(L,W,R)=(234.73523pt, 128.0374pt, 234.73524pt)
* v-part:(T,H,B)=(101.40665pt, 591.5302pt, 152.11pt)
* \paperwidth=597.50787pt
* \paperheight=845.04684pt
* \textwidth=370.0pt
* \textheight=709.0pt
* \oddsidemargin=48.5971pt
* \evensidemargin=48.5971pt
* \topmargin=-51.92105pt
* \headheight=15.0pt
* \headsep=18.0pt
* \topskip=10.0pt
* \footskip=42.0pt
* \marginparwidth=71.09383pt
* \marginparsep=12.8401pt
* \columnsep=10.0pt
* \skip\footins=9.0pt plus 4.0pt minus 2.0pt
* \hoffset=0.0pt
* \voffset=0.0pt
* \mag=1000
* \@twocolumnfalse
* \@twosidefalse
* \@mparswitchfalse
* \@reversemarginfalse
* (1in=72.27pt=25.4mm, 1cm=28.453pt)

Package biblatex Info: Trying to load language 'norsk'...
Package biblatex Info: ... file 'norsk.lbx' found.
(C:\Users\Haako\AppData\Local\Programs\MiKTeX\tex/latex/biblatex/lbx\norsk.lbx
File: norsk.lbx 2022/02/02 v3.17 biblatex localization (PK/MW)
)
Package biblatex Info: Input encoding 'utf8' detected.
Package biblatex Info: Automatic encoding selection.
(biblatex)             Assuming data encoding 'utf8'.
\openout3 = `main.bcf'.

Package biblatex Info: Trying to load bibliographic data...
Package biblatex Info: ... file 'main.bbl' found.
 (main.bbl)
Package biblatex Info: Reference section=0 on input line 62.
Package biblatex Info: Reference segment=0 on input line 62.
 (C:\Users\Haako\AppData\Local\Programs\MiKTeX\tex/context/base/mkii\supp-pdf.mkii
[Loading MPS to PDF converter (version 2006.09.02).]
\scratchcounter=\count460
\scratchdimen=\dimen191
\scratchbox=\box57
\nofMPsegments=\count461
\nofMParguments=\count462
\everyMPshowfont=\toks35
\MPscratchCnt=\count463
\MPscratchDim=\dimen192
\MPnumerator=\count464
\makeMPintoPDFobject=\count465
\everyMPtoPDFconversion=\toks36
) (C:\Users\Haako\AppData\Local\Programs\MiKTeX\tex/latex/epstopdf-pkg\epstopdf-base.sty
Package: epstopdf-base 2020-01-24 v2.11 Base part for package epstopdf
Package epstopdf-base Info: Redefining graphics rule for `.eps' on input line 485.
 (C:\Users\Haako\AppData\Local\Programs\MiKTeX\tex/latex/00miktex\epstopdf-sys.cfg
File: epstopdf-sys.cfg 2021/03/18 v2.0 Configuration of epstopdf for MiKTeX
))
LaTeX Info: Redefining \microtypecontext on input line 62.
Package microtype Info: Generating PDF output.
Package microtype Info: Character protrusion enabled (level 2).
Package microtype Info: Using default protrusion set `alltext'.
Package microtype Info: No font expansion.
Package microtype Info: No adjustment of tracking.
Package microtype Info: No adjustment of interword spacing.
Package microtype Info: No adjustment of character kerning.
 (C:\Program Files\MiKTeX\tex/latex/microtype\mt-ppl.cfg
File: mt-ppl.cfg 2005/11/16 v1.6 microtype config. file: Palatino (RS)
)
Package caption Info: Begin \AtBeginDocument code.
Package caption Info: subfig package v1.3 is loaded.
Package caption Info: hyperref package is loaded.
Package caption Info: End \AtBeginDocument code.
Package hyperref Info: Link coloring ON on input line 62.
 (C:\Users\Haako\AppData\Local\Programs\MiKTeX\tex/latex/hyperref\nameref.sty
Package: nameref 2021-04-02 v2.47 Cross-referencing by name of section
 (C:\Program Files\MiKTeX\tex/latex/refcount\refcount.sty
Package: refcount 2019/12/15 v3.6 Data extraction from label references (HO)
) (C:\Program Files\MiKTeX\tex/generic/gettitlestring\gettitlestring.sty
Package: gettitlestring 2019/12/15 v1.6 Cleanup title references (HO)
)
\c@section@level=\count466
LaTeX Info: Redefining \Ref on input line 520.
)
LaTeX Info: Redefining \ref on input line 62.
LaTeX Info: Redefining \pageref on input line 62.
LaTeX Info: Redefining \nameref on input line 62.
 (main.out) (main.out)
\@outlinefile=\write4
\openout4 = `main.out'.

LaTeX Info: Redefining \Ref on input line 62.
Class scrartcl Info: loading recommended package `bookmark'.
(scrartcl)           Using `bookmark' together with `hyperref' is recommended,
(scrartcl)           because of handling of possible bookmark level gaps.
(scrartcl)           You can avoid loading `bookmark' with KOMA-Script option
(scrartcl)           `bookmarkpackage=false' before \begin{document} and
(scrartcl)           you can avoid this message adding:
(scrartcl)             \usepackage{bookmark}
(scrartcl)           before \begin{document} on input line 62.
 (C:\Program Files\MiKTeX\tex/latex/bookmark\bookmark.sty
Package: bookmark 2020-11-06 v1.29 PDF bookmarks (HO)
 (C:\Program Files\MiKTeX\tex/latex/bookmark\bkm-pdftex.def
File: bkm-pdftex.def 2020-11-06 v1.29 bookmark driver for pdfTeX (HO)
\BKM@id=\count467
))
LaTeX Font Info:    Trying to load font information for T1+iwona on input line 76.
 (C:\Program Files\MiKTeX\tex/latex/iwona\t1iwona.fd
File: t1iwona.fd 2008/07/22 v0.995 font definition file for T1/iwona (MW)
)
Package microtype Info: Loading generic protrusion settings for font family
(microtype)             `iwona' (encoding: T1).
(microtype)             For optimal results, create family-specific settings.
(microtype)             See the microtype manual for details.
LaTeX Font Info:    Trying to load font information for OT1+pplj on input line 76.
 (C:\Program Files\MiKTeX\tex/latex/psnfss\ot1pplj.fd
File: ot1pplj.fd 2004/09/06 font definitions for OT1/pplj.
)
LaTeX Font Info:    Trying to load font information for U+zeur on input line 76.
 (C:\Program Files\MiKTeX\tex/latex/eulervm\uzeur.fd
File: uzeur.fd 2005/01/11 v4.0 (WaS)
) (C:\Program Files\MiKTeX\tex/latex/microtype\mt-eur.cfg
File: mt-eur.cfg 2006/07/31 v1.1 microtype config. file: AMS Euler Roman (RS)
)
LaTeX Font Info:    Trying to load font information for U+zeus on input line 76.
 (C:\Program Files\MiKTeX\tex/latex/eulervm\uzeus.fd
File: uzeus.fd 2005/01/11 v4.0 (WaS)
) (C:\Program Files\MiKTeX\tex/latex/microtype\mt-eus.cfg
File: mt-eus.cfg 2006/07/28 v1.2 microtype config. file: AMS Euler Script (RS)
)
LaTeX Font Info:    Trying to load font information for U+zeuex on input line 76.
 (C:\Program Files\MiKTeX\tex/latex/eulervm\uzeuex.fd
File: uzeuex.fd 2005/01/11 v4.0 (WaS)
)
LaTeX Font Info:    Trying to load font information for OT1+zplm on input line 76.
 (C:\Program Files\MiKTeX\tex/latex/psnfss\ot1zplm.fd
File: ot1zplm.fd 2002/09/08 Fontinst v1.914 font definitions for OT1/zplm.
)
Package microtype Info: Loading generic protrusion settings for font family
(microtype)             `zplm' (encoding: OT1).
(microtype)             For optimal results, create family-specific settings.
(microtype)             See the microtype manual for details.
 (C:\Program Files\MiKTeX\tex/latex/microtype\mt-msa.cfg
File: mt-msa.cfg 2006/02/04 v1.1 microtype config. file: AMS symbols (a) (RS)
) (C:\Program Files\MiKTeX\tex/latex/microtype\mt-msb.cfg
File: mt-msb.cfg 2005/06/01 v1.0 microtype config. file: AMS symbols (b) (RS)
)
Overfull \hbox (78.1143pt too wide) in paragraph at lines 76--76
 [][] 
 []

[1


{C:/Users/Haako/AppData/Local/MiKTeX/fonts/map/pdftex/pdftex.map}]
Package microtype Info: Character `029' is missing
(microtype)             in font `T1/iwona/m/sc/14.4'.
(microtype)             Ignoring protrusion settings for this character.
 [2]
\openout2 = `forord.aux'.

 (forord.tex) [3

]
Package tocbasic Info: character protrusion at toc deactivated on input line 92.
 (main.toc
Package microtype Info: Character `029' is missing
(microtype)             in font `T1/pplj/m/sc/10'.
(microtype)             Ignoring protrusion settings for this character.
)
\tf@toc=\write5
\openout5 = `main.toc'.

Package tocbasic Info: character protrusion at lof deactivated on input line 94.
 (main.lof [4


]
Underfull \hbox (badness 1365) in paragraph at lines 26--26
 [][] []\T1/pplj/m/n/10 Aeromagnetisk ano-ma-li-kart fra un-der-s-kel-sen ut-frt av 
 []

)
\tf@lof=\write6
\openout6 = `main.lof'.

 [5]
\openout2 = `fortkortelser.aux'.

 (fortkortelser.tex) [6

]
\openout2 = `innledning.aux'.

 (innledning.tex
Package microtype Info: Character `029' is missing
(microtype)             in font `T1/iwona/b/sc/10'.
(microtype)             Ignoring protrusion settings for this character.
<figures/hullskater.png, id=236, 416.976pt x 234.549pt>
File: figures/hullskater.png Graphic file (type png)
<use figures/hullskater.png>
Package pdftex.def Info: figures/hullskater.png  used on input line 17.
(pdftex.def)             Requested size: 258.99887pt x 145.68729pt.
 [7



 <./figures/hullskater.png>]) [8]
\openout2 = `valgAvLosning.aux'.

 (valgAvLosning.tex
<figures/posisjoneringssystemer.png, id=258, 269.151pt x 187.464pt>
File: figures/posisjoneringssystemer.png Graphic file (type png)
<use figures/posisjoneringssystemer.png>
Package pdftex.def Info: figures/posisjoneringssystemer.png  used on input line 20.
(pdftex.def)             Requested size: 258.99887pt x 180.4096pt.
<figures/kameratriangulering.jpg, id=259, 392.21532pt x 176.15813pt>
File: figures/kameratriangulering.jpg Graphic file (type jpg)
<use figures/kameratriangulering.jpg>
Package pdftex.def Info: figures/kameratriangulering.jpg  used on input line 29.
(pdftex.def)             Requested size: 258.99887pt x 116.33191pt.
 [9



 <./figures/posisjoneringssystemer.png>]
<figures/valgavsystem.png, id=265, 449.826pt x 247.689pt>
File: figures/valgavsystem.png Graphic file (type png)
<use figures/valgavsystem.png>
Package pdftex.def Info: figures/valgavsystem.png  used on input line 43.
(pdftex.def)             Requested size: 258.99887pt x 142.6166pt.
<figures/dwm100.png, id=266, 247.67531pt x 101.62968pt>
File: figures/dwm100.png Graphic file (type png)
<use figures/dwm100.png>
Package pdftex.def Info: figures/dwm100.png  used on input line 58.
(pdftex.def)             Requested size: 185.0pt x 75.91191pt.
 [10 <./figures/kameratriangulering.jpg> <./figures/valgavsystem.png> <./figures/dwm100.png>]
<figures/dwm1001.jpg, id=276, 258.9675pt x 258.9675pt>
File: figures/dwm1001.jpg Graphic file (type jpg)
<use figures/dwm1001.jpg>
Package pdftex.def Info: figures/dwm1001.jpg  used on input line 70.
(pdftex.def)             Requested size: 147.99774pt x 148.0042pt.
<figures/creatorkitlite.png, id=277, 233.235pt x 152.0955pt>
File: figures/creatorkitlite.png Graphic file (type png)
<use figures/creatorkitlite.png>
Package pdftex.def Info: figures/creatorkitlite.png  used on input line 82.
(pdftex.def)             Requested size: 258.99887pt x 168.9069pt.
<figures/valgavsystem2.png, id=279, 434.058pt x 253.383pt>
File: figures/valgavsystem2.png Graphic file (type png)
<use figures/valgavsystem2.png>
Package pdftex.def Info: figures/valgavsystem2.png  used on input line 94.
(pdftex.def)             Requested size: 258.99887pt x 151.1997pt.
 [11 <./figures/dwm1001.jpg> <./figures/creatorkitlite.png>]
<figures/nakeddrone.png, id=288, 150.234pt x 117.384pt>
File: figures/nakeddrone.png Graphic file (type png)
<use figures/nakeddrone.png>
Package pdftex.def Info: figures/nakeddrone.png  used on input line 106.
(pdftex.def)             Requested size: 222.00226pt x 173.47661pt.
<figures/konsept.png, id=290, 371.862pt x 281.196pt>
File: figures/konsept.png Graphic file (type png)
<use figures/konsept.png>
Package pdftex.def Info: figures/konsept.png  used on input line 116.
(pdftex.def)             Requested size: 185.0pt x 139.89397pt.
 [12 <./figures/valgavsystem2.png> <./figures/nakeddrone.png>]
<figures/stresstest.png, id=299, 188.559pt x 203.013pt>
File: figures/stresstest.png Graphic file (type png)
<use figures/stresstest.png>
Package pdftex.def Info: figures/stresstest.png  used on input line 131.
(pdftex.def)             Requested size: 147.99774pt x 159.35005pt.
<figures/oppkobling.png, id=301, 452.016pt x 208.488pt>
File: figures/oppkobling.png Graphic file (type png)
<use figures/oppkobling.png>
Package pdftex.def Info: figures/oppkobling.png  used on input line 145.
(pdftex.def)             Requested size: 258.99887pt x 119.46292pt.
) [13 <./figures/konsept.png> <./figures/stresstest.png>] [14 <./figures/oppkobling.png>] (finneposisjon.tex
<Figures//1anker.png, id=319, 465.23813pt x 418.56375pt>
File: Figures//1anker.png Graphic file (type png)
<use Figures//1anker.png>
Package pdftex.def Info: Figures//1anker.png  used on input line 14.
(pdftex.def)             Requested size: 166.49887pt x 149.79506pt.
<Figures//2anker.png, id=320, 650.43pt x 426.09187pt>
File: Figures//2anker.png Graphic file (type png)
<use Figures//2anker.png>
Package pdftex.def Info: Figures//2anker.png  used on input line 15.
(pdftex.def)             Requested size: 166.49887pt x 109.07133pt.
<Figures//3anker.png, id=321, 517.18219pt x 411.78844pt>
File: Figures//3anker.png Graphic file (type png)
<use Figures//3anker.png>
Package pdftex.def Info: Figures//3anker.png  used on input line 16.
(pdftex.def)             Requested size: 166.49887pt x 132.56668pt.
<Figures//4anker.png, id=322, 548.80031pt x 523.20468pt>
File: Figures//4anker.png Graphic file (type png)
<use Figures//4anker.png>
Package pdftex.def Info: Figures//4anker.png  used on input line 17.
(pdftex.def)             Requested size: 166.49887pt x 158.72694pt.
) (uwb.tex [15


 <./Figures//1anker.png> <./Figures//2anker.png> <./Figures//3anker.png> <./Figures//4anker.png>]
<figures/twr.png, id=336, 217.029pt x 146.949pt>
File: figures/twr.png Graphic file (type png)
<use figures/twr.png>
Package pdftex.def Info: figures/twr.png  used on input line 18.
(pdftex.def)             Requested size: 258.99887pt x 175.38943pt.
) [16 <./figures/twr.png>] (gnss.tex
<figures/code-positioning.png, id=351, 452.892pt x 320.835pt>
File: figures/code-positioning.png Graphic file (type png)
<use figures/code-positioning.png>
Package pdftex.def Info: figures/code-positioning.png  used on input line 22.
(pdftex.def)             Requested size: 370.0pt x 262.12198pt.
<figures/gnss-feilkilder.png, id=356, 453.111pt x 251.193pt>
File: figures/gnss-feilkilder.png Graphic file (type png)
<use figures/gnss-feilkilder.png>
Package pdftex.def Info: figures/gnss-feilkilder.png  used on input line 45.
(pdftex.def)             Requested size: 370.0pt x 205.12483pt.
 [17] [18 <./figures/code-positioning.png> <./figures/gnss-feilkilder.png>]) (arduino.tex
<figures/arduino-nano.png, id=377, 186.807pt x 77.088pt>
File: figures/arduino-nano.png Graphic file (type png)
<use figures/arduino-nano.png>
Package pdftex.def Info: figures/arduino-nano.png  used on input line 9.
(pdftex.def)             Requested size: 185.0pt x 76.34557pt.
) (elektroniskkompass.tex [19 <./figures/arduino-nano.png>]
<figures/hall-sensor.png, id=390, 469.755pt x 271.998pt>
File: figures/hall-sensor.png Graphic file (type png)
<use figures/hall-sensor.png>
Package pdftex.def Info: figures/hall-sensor.png  used on input line 13.
(pdftex.def)             Requested size: 185.0pt x 107.11638pt.
<figures/magnetisk-nordpol.png, id=394, 471.288pt x 345.801pt>
File: figures/magnetisk-nordpol.png Graphic file (type png)
<use figures/magnetisk-nordpol.png>
Package pdftex.def Info: figures/magnetisk-nordpol.png  used on input line 36.
(pdftex.def)             Requested size: 185.0pt x 135.73773pt.
 [20 <./figures/hall-sensor.png>]
<figures/aeromagnetisk-kart.png, id=410, 469.755pt x 357.846pt>
File: figures/aeromagnetisk-kart.png Graphic file (type png)
<use figures/aeromagnetisk-kart.png>
Package pdftex.def Info: figures/aeromagnetisk-kart.png  used on input line 56.
(pdftex.def)             Requested size: 185.0pt x 140.92444pt.
) (akselerometer.tex
<figures/mems-aks.png, id=415, 434.277pt x 284.043pt>
File: figures/mems-aks.png Graphic file (type png)
<use figures/mems-aks.png>
Package pdftex.def Info: figures/mems-aks.png  used on input line 21.
(pdftex.def)             Requested size: 185.0pt x 121.00055pt.
 [21 <./figures/magnetisk-nordpol.png> <./figures/aeromagnetisk-kart.png>]
<figures/piezo-aks.png, id=429, 274.626pt x 119.355pt>
File: figures/piezo-aks.png Graphic file (type png)
<use figures/piezo-aks.png>
Package pdftex.def Info: figures/piezo-aks.png  used on input line 37.
(pdftex.def)             Requested size: 185.0pt x 80.4027pt.
) (gyroskop.tex
<figures/mems-gyro.png, id=432, 461.871pt x 277.035pt>
File: figures/mems-gyro.png Graphic file (type png)
<use figures/mems-gyro.png>
Package pdftex.def Info: figures/mems-gyro.png  used on input line 12.
(pdftex.def)             Requested size: 185.0pt x 110.9642pt.
) (barometer.tex [22 <./figures/mems-aks.png> <./figures/piezo-aks.png>]
<figures/bme280.png, id=448, 171.039pt x 128.334pt>
File: figures/bme280.png Graphic file (type png)
<use figures/bme280.png>
Package pdftex.def Info: figures/bme280.png  used on input line 14.
(pdftex.def)             Requested size: 185.0pt x 138.81404pt.
) (PID.tex
<figures/reguleringssloyfe.png, id=451, 299.154pt x 125.487pt>
File: figures/reguleringssloyfe.png Graphic file (type png)
<use figures/reguleringssloyfe.png>
Package pdftex.def Info: figures/reguleringssloyfe.png  used on input line 6.
(pdftex.def)             Requested size: 258.99887pt x 108.65198pt.
 [23 <./figures/mems-gyro.png> <./figures/bme280.png> <./figures/reguleringssloyfe.png>]) (ekf.tex
<figures/ekf.png, id=460, 434.277pt x 204.984pt>
File: figures/ekf.png Graphic file (type png)
<use figures/ekf.png>
Package pdftex.def Info: figures/ekf.png  used on input line 11.
(pdftex.def)             Requested size: 370.0pt x 174.6532pt.
) [24 <./figures/ekf.png>] (multirotor.tex
<figures/dji-air-2.png, id=472, 220.314pt x 103.587pt>
File: figures/dji-air-2.png Graphic file (type png)
<use figures/dji-air-2.png>
Package pdftex.def Info: figures/dji-air-2.png  used on input line 5.
(pdftex.def)             Requested size: 258.99887pt x 121.7748pt.
<figures/pixhawk.png, id=473, 144.102pt x 128.772pt>
File: figures/pixhawk.png Graphic file (type png)
<use figures/pixhawk.png>
Package pdftex.def Info: figures/pixhawk.png  used on input line 16.
(pdftex.def)             Requested size: 147.99774pt x 132.25935pt.
<figures/dc-motor.png, id=475, 134.466pt x 129.648pt>
File: figures/dc-motor.png Graphic file (type png)
<use figures/dc-motor.png>
Package pdftex.def Info: figures/dc-motor.png  used on input line 27.
(pdftex.def)             Requested size: 147.99774pt x 142.70818pt.
 [25 <./figures/dji-air-2.png> <./figures/pixhawk.png>]
<figures/akser.png, id=486, 166.659pt x 116.946pt>
File: figures/akser.png Graphic file (type png)
<use figures/akser.png>
Package pdftex.def Info: figures/akser.png  used on input line 39.
(pdftex.def)             Requested size: 147.99774pt x 103.85141pt.
<figures/motor-rotasjon.png, id=488, 155.928pt x 152.205pt>
File: figures/motor-rotasjon.png Graphic file (type png)
<use figures/motor-rotasjon.png>
Package pdftex.def Info: figures/motor-rotasjon.png  used on input line 54.
(pdftex.def)             Requested size: 147.99774pt x 144.4685pt.
<figures/krefter-pa-drone.png, id=490, 164.688pt x 79.497pt>
File: figures/krefter-pa-drone.png Graphic file (type png)
<use figures/krefter-pa-drone.png>
Package pdftex.def Info: figures/krefter-pa-drone.png  used on input line 64.
(pdftex.def)             Requested size: 185.0pt x 89.30167pt.
) [26 <./figures/dc-motor.png> <./figures/akser.png>] (sikkerhet.tex [27 <./figures/motor-rotasjon.png> <./figures/krefter-pa-drone.png>]
Underfull \hbox (badness 3724) in paragraph at lines 21--22
[]\T1/pplj/m/n/10 For re-gel-ver-ket for UWB po-si-sjon blir re-gel-ver-ket for ge-ne-rel-le til-
 []


Underfull \hbox (badness 10000) in paragraph at lines 21--22
\T1/pplj/m/n/10 a-tel-ser til bruk av fre-kve-ner (fri-bruks-fir-skrif-ten), kap 35a flgt.
 []

) (gjennomforing.tex
<figures/ankerplassering.png, id=505, 187.683pt x 185.274pt>
File: figures/ankerplassering.png Graphic file (type png)
<use figures/ankerplassering.png>
Package pdftex.def Info: figures/ankerplassering.png  used on input line 41.
(pdftex.def)             Requested size: 185.0pt x 182.63306pt.
<figures/creator-controller.png, id=507, 298.716pt x 146.73pt>
File: figures/creator-controller.png Graphic file (type png)
<use figures/creator-controller.png>
Package pdftex.def Info: figures/creator-controller.png  used on input line 51.
(pdftex.def)             Requested size: 185.0pt x 90.87537pt.
 [28]
<figures/oppkobling2.png, id=513, 204.327pt x 132.276pt>
File: figures/oppkobling2.png Graphic file (type png)
<use figures/oppkobling2.png>
Package pdftex.def Info: figures/oppkobling2.png  used on input line 64.
(pdftex.def)             Requested size: 185.0pt x 119.77188pt.
 [29 <./figures/ankerplassering.png> <./figures/creator-controller.png> <./figures/oppkobling2.png>]
<figures/plott-ovenfra.png, id=523, 334.194pt x 146.292pt>
File: figures/plott-ovenfra.png Graphic file (type png)
<use figures/plott-ovenfra.png>
Package pdftex.def Info: figures/plott-ovenfra.png  used on input line 82.
(pdftex.def)             Requested size: 185.0pt x 80.98318pt.
LaTeX Font Info:    Trying to load font information for TS1+pplj on input line 100.
 (C:\Program Files\MiKTeX\tex/latex/psnfss\ts1pplj.fd
File: ts1pplj.fd 2004/09/06 font definitions for TS1/pplj.
)
<figures/rssi-test-ute.png, id=525, 494.721pt x 291.708pt>
File: figures/rssi-test-ute.png Graphic file (type png)
<use figures/rssi-test-ute.png>
Package pdftex.def Info: figures/rssi-test-ute.png  used on input line 104.
(pdftex.def)             Requested size: 185.0pt x 109.0831pt.
<figures/rssi-test-ute2.png, id=527, 469.755pt x 253.164pt>
File: figures/rssi-test-ute2.png Graphic file (type png)
<use figures/rssi-test-ute2.png>
Package pdftex.def Info: figures/rssi-test-ute2.png  used on input line 115.
(pdftex.def)             Requested size: 185.0pt x 99.6993pt.
 [30 <./figures/plott-ovenfra.png> <./figures/rssi-test-ute.png>]
<figures/ankere2x2.png, id=536, 236.52pt x 164.469pt>
File: figures/ankere2x2.png Graphic file (type png)
<use figures/ankere2x2.png>
Package pdftex.def Info: figures/ankere2x2.png  used on input line 130.
(pdftex.def)             Requested size: 142.26378pt x 98.92558pt.
<figures/ankere5x5.png, id=537, 230.169pt x 164.688pt>
File: figures/ankere5x5.png Graphic file (type png)
<use figures/ankere5x5.png>
Package pdftex.def Info: figures/ankere5x5.png  used on input line 132.
(pdftex.def)             Requested size: 142.26378pt x 101.79388pt.
<figures/mlinger-2x2.png, id=540, 389.163pt x 111.909pt>
File: figures/mlinger-2x2.png Graphic file (type png)
<use figures/mlinger-2x2.png>
Package pdftex.def Info: figures/mlinger-2x2.png  used on input line 143.
(pdftex.def)             Requested size: 185.0pt x 53.19829pt.
<figures/mlinger-2x2-minus50.png, id=541, 398.58pt x 114.756pt>
File: figures/mlinger-2x2-minus50.png Graphic file (type png)
<use figures/mlinger-2x2-minus50.png>
Package pdftex.def Info: figures/mlinger-2x2-minus50.png  used on input line 149.
(pdftex.def)             Requested size: 185.0pt x 53.26291pt.
<figures/2x2resultat1.png, id=544, 1059.96pt x 490.83376pt>
File: figures/2x2resultat1.png Graphic file (type png)
<use figures/2x2resultat1.png>
Package pdftex.def Info: figures/2x2resultat1.png  used on input line 160.
(pdftex.def)             Requested size: 185.0pt x 85.66501pt.
<figures/2x2resultat3.png, id=545, 1053.1847pt x 486.31688pt>
File: figures/2x2resultat3.png Graphic file (type png)
<use figures/2x2resultat3.png>
Package pdftex.def Info: figures/2x2resultat3.png  used on input line 166.
(pdftex.def)             Requested size: 185.0pt x 85.42581pt.
<figures/2x2resultat4.png, id=546, 1061.46562pt x 481.8pt>
File: figures/2x2resultat4.png Graphic file (type png)
<use figures/2x2resultat4.png>
Package pdftex.def Info: figures/2x2resultat4.png  used on input line 172.
(pdftex.def)             Requested size: 185.0pt x 83.97073pt.
<figures/mlinger-5x5.png, id=550, 1194.71344pt x 365.86688pt>
File: figures/mlinger-5x5.png Graphic file (type png)
<use figures/mlinger-5x5.png>
Package pdftex.def Info: figures/mlinger-5x5.png  used on input line 182.
(pdftex.def)             Requested size: 185.0pt x 56.65294pt.
<figures/mlinger-5x5-minus50.png, id=551, 1178.90437pt x 356.83313pt>
File: figures/mlinger-5x5-minus50.png Graphic file (type png)
<use figures/mlinger-5x5-minus50.png>
Package pdftex.def Info: figures/mlinger-5x5-minus50.png  used on input line 188.
(pdftex.def)             Requested size: 185.0pt x 55.9946pt.
<figures/5x5-resultat6.png, id=553, 1055.44313pt x 485.56406pt>
File: figures/5x5-resultat6.png Graphic file (type png)
<use figures/5x5-resultat6.png>
Package pdftex.def Info: figures/5x5-resultat6.png  used on input line 198.
(pdftex.def)             Requested size: 185.0pt x 85.10834pt.
<figures/5x5-resultat7.png, id=554, 1056.94875pt x 486.31688pt>
File: figures/5x5-resultat7.png Graphic file (type png)
<use figures/5x5-resultat7.png>
Package pdftex.def Info: figures/5x5-resultat7.png  used on input line 204.
(pdftex.def)             Requested size: 185.0pt x 85.12157pt.
<figures/5x5-resultat8.png, id=555, 1058.45438pt x 484.81125pt>
File: figures/5x5-resultat8.png Graphic file (type png)
<use figures/5x5-resultat8.png>
Package pdftex.def Info: figures/5x5-resultat8.png  used on input line 210.
(pdftex.def)             Requested size: 185.0pt x 84.73227pt.
 [31 <./figures/rssi-test-ute2.png> <./figures/ankere2x2.png> <./figures/ankere5x5.png> <./figures/mlinger-2x2.png>] [32 <./figures/mlinger-2x2-minus50.png> <./figures/2x2resultat1.png> <./figures/2x2resultat3.png> <./figures/2x2resultat4.png> <./figures/mlinger-5x5.png> <./figures/mlinger-5x5-minus50.png> <./figures/5x5-resultat6.png>]
<figures/melding.png, id=583, 140.77594pt x 82.80937pt>
File: figures/melding.png Graphic file (type png)
<use figures/melding.png>
Package pdftex.def Info: figures/melding.png  used on input line 238.
(pdftex.def)             Requested size: 185.0pt x 108.83105pt.
 [33 <./figures/5x5-resultat7.png> <./figures/5x5-resultat8.png> <./figures/melding.png>]
<figures/kommunikasjon.png, id=591, 301.8915pt x 48.2895pt>
File: figures/kommunikasjon.png Graphic file (type png)
<use figures/kommunikasjon.png>
Package pdftex.def Info: figures/kommunikasjon.png  used on input line 249.
(pdftex.def)             Requested size: 185.0pt x 29.59138pt.
) [34 <./figures/kommunikasjon.png>]
LaTeX Font Info:    Trying to load font information for T1+fvm on input line 164.
 (C:\Program Files\MiKTeX\tex/latex/bera\t1fvm.fd
File: t1fvm.fd 2004/09/07 scalable font definitions for T1/fvm.
)
LaTeX Font Info:    Font shape `T1/fvm/m/n' will be
(Font)              scaled to size 8.50006pt on input line 164.
Package microtype Info: Loading generic protrusion settings for font family
(microtype)             `fvm' (encoding: T1).
(microtype)             For optimal results, create family-specific settings.
(microtype)             See the microtype manual for details.

Underfull \hbox (badness 2401) in paragraph at lines 165--165
[][]\T1/pplj/m/n/10 Developments, Le-vel (uda-tert). \T1/pplj/m/it/10 MEMS Ac-ce-lero-me-ter\T1/pplj/m/n/10 . \T1/pplj/m/sc/10 url\T1/pplj/m/n/10 : [][]$\T1/fvm/m/n/10 https : / / www .
 []


Underfull \hbox (badness 1019) in paragraph at lines 165--165
\T1/fvm/m/n/10 leveldevelopments . com / 2020 / 10 / what -[] are -[] inclinometers / mems -[]
 []


Underfull \hbox (badness 5908) in paragraph at lines 165--165
[][]\T1/pplj/m/n/10 Grn, y-vind (2021). \T1/pplj/m/it/10 Co-riolisak-se-le-ra-sjo-nen\T1/pplj/m/n/10 . \T1/pplj/m/sc/10 url\T1/pplj/m/n/10 : [][]$\T1/fvm/m/n/10 https : / / snl . no /
 []


Underfull \hbox (badness 5578) in paragraph at lines 165--165
[][]\T1/pplj/m/n/10 Skaar, Jo-han-nes (uda-tert). \T1/pplj/m/it/10 Mag-ne-to-re-si-stans\T1/pplj/m/n/10 . \T1/pplj/m/sc/10 url\T1/pplj/m/n/10 : [][]$\T1/fvm/m/n/10 https : / / snl . no /
 []

[35] (main.aux (forord.aux) (fortkortelser.aux) (innledning.aux) (valgAvLosning.aux))
Package rerunfilecheck Info: File `main.out' has not changed.
(rerunfilecheck)             Checksum: D41D8CD98F00B204E9800998ECF8427E;0.
Package logreq Info: Writing requests to 'main.run.xml'.
\openout1 = `main.run.xml'.

 ) 
Here is how much of TeX's memory you used:
 31318 strings out of 478566
 604525 string characters out of 2843591
 1558770 words of memory out of 3000000
 48700 multiletter control sequences out of 15000+600000
 592985 words of font info for 203 fonts, out of 8000000 for 9000
 1143 hyphenation exceptions out of 8191
 108i,23n,106p,10646b,3523s stack positions out of 5000i,500n,10000p,200000b,80000s
{C:/Users/Haako/AppData/Local/Programs/MiKTeX/fonts/enc/dvips/base/8r.enc}{C:/Program Files/MiKTeX/fonts/enc/dvips/iwona/ec-iwona.enc}{C:/Program Files/MiKTeX/fonts/enc/dvips/iwona/ec-iwona-sc.enc}<C:/Users/Haako/AppData/Local/Programs/MiKTeX/fonts/type1/public/amsfonts/cm/cmsy10.pfb><C:/Users/Haako/AppData/Local/Programs/MiKTeX/fonts/type1/public/amsfonts/cm/cmsy7.pfb><C:/Users/Haako/AppData/Local/Programs/MiKTeX/fonts/type1/public/amsfonts/euler/euex10.pfb><C:/Users/Haako/AppData/Local/Programs/MiKTeX/fonts/type1/public/amsfonts/euler/eufm10.pfb><C:/Users/Haako/AppData/Local/Programs/MiKTeX/fonts/type1/public/amsfonts/euler/eufm7.pfb><C:/Users/Haako/AppData/Local/Programs/MiKTeX/fonts/type1/public/amsfonts/euler/eurm10.pfb><C:/Users/Haako/AppData/Local/Programs/MiKTeX/fonts/type1/public/amsfonts/euler/eurm7.pfb><C:/Program Files/MiKTeX/fonts/type1/public/fpl/fplrc8a.pfb><C:/Program Files/MiKTeX/fonts/type1/bera/fvmr8a.pfb><C:/Program Files/MiKTeX/fonts/type1/nowacki/iwona/iwonab.pfb><C:/Program Files/MiKTeX/fonts/type1/nowacki/iwona/iwonabi.pfb><C:/Program Files/MiKTeX/fonts/type1/nowacki/iwona/iwonar.pfb><C:/Users/Haako/AppData/Local/Programs/MiKTeX/fonts/type1/urw/palatino/uplr8a.pfb><C:/Users/Haako/AppData/Local/Programs/MiKTeX/fonts/type1/urw/palatino/uplri8a.pfb>
Output written on main.pdf (35 pages, 31897312 bytes).
PDF statistics:
 872 PDF objects out of 1000 (max. 8388607)
 182 named destinations out of 1000 (max. 500000)
 43108 words of extra memory for PDF output out of 51595 (max. 10000000)

